# JRE version: OpenJDK Runtime Environment (17.0.6) (build 17.0.6+0-b2043.56-10027231)
# Java VM: OpenJDK 64-Bit Server VM (17.0.6+0-b2043.56-10027231, mixed mode, tiered, compressed oops, compressed class ptrs, g1 gc, windows-amd64)
GC Precious Log:
 CPUs: 4 total, 4 available
 Memory: 7573M
 Large Page Support: Disabled
 NUMA Support: Disabled
 Compressed Oops: Enabled (32-bit)
 Heap Region Size: 1M
 Heap Min Capacity: 8M
 Heap Initial Capacity: 120M
 Heap Max Capacity: 2G
 Pre-touch: Disabled
 Parallel Workers: 4
 Concurrent Workers: 1
 Concurrent Refinement Workers: 4
 Periodic GC: Disabled
Heap:
 garbage-first heap   total 209920K, used 163012K [0x0000000080000000, 0x0000000100000000)
  region size 1024K, 27 young (27648K), 3 survivors (3072K)
 Metaspace       used 103127K, committed 103936K, reserved 1146880K
  class space    used 13868K, committed 14272K, reserved 1048576K
GC Heap History (20 events):
Event: 36.182 GC heap before
{Heap before GC invocations=36 (full 0):
 garbage-first heap   total 209920K, used 160460K [0x0000000080000000, 0x0000000100000000)
  region size 1024K, 84 young (86016K), 11 survivors (11264K)
 Metaspace       used 95418K, committed 96064K, reserved 1138688K
  class space    used 13003K, committed 13312K, reserved 1048576K
}
Event: 36.224 GC heap after
{Heap after GC invocations=37 (full 0):
 garbage-first heap   total 209920K, used 96414K [0x0000000080000000, 0x0000000100000000)
  region size 1024K, 10 young (10240K), 10 survivors (10240K)
 Metaspace       used 95418K, committed 96064K, reserved 1138688K
  class space    used 13003K, committed 13312K, reserved 1048576K
}
Event: 38.703 GC heap before
{Heap before GC invocations=37 (full 0):
 garbage-first heap   total 209920K, used 161950K [0x0000000080000000, 0x0000000100000000)
  region size 1024K, 75 young (76800K), 10 survivors (10240K)
 Metaspace       used 96188K, committed 96896K, reserved 1138688K
  class space    used 13057K, committed 13376K, reserved 1048576K
}
Event: 38.727 GC heap after
{Heap after GC invocations=38 (full 0):
 garbage-first heap   total 209920K, used 101292K [0x0000000080000000, 0x0000000100000000)
  region size 1024K, 7 young (7168K), 7 survivors (7168K)
 Metaspace       used 96188K, committed 96896K, reserved 1138688K
  class space    used 13057K, committed 13376K, reserved 1048576K
}
Event: 40.786 GC heap before
{Heap before GC invocations=38 (full 0):
 garbage-first heap   total 209920K, used 165804K [0x0000000080000000, 0x0000000100000000)
  region size 1024K, 70 young (71680K), 7 survivors (7168K)
 Metaspace       used 98235K, committed 98944K, reserved 1138688K
  class space    used 13327K, committed 13696K, reserved 1048576K
}
Event: 40.815 GC heap after
{Heap after GC invocations=39 (full 0):
 garbage-first heap   total 209920K, used 106536K [0x0000000080000000, 0x0000000100000000)
  region size 1024K, 7 young (7168K), 7 survivors (7168K)
 Metaspace       used 98235K, committed 98944K, reserved 1138688K
  class space    used 13327K, committed 13696K, reserved 1048576K
}
Event: 42.575 GC heap before
{Heap before GC invocations=39 (full 0):
 garbage-first heap   total 209920K, used 165928K [0x0000000080000000, 0x0000000100000000)
  region size 1024K, 66 young (67584K), 7 survivors (7168K)
 Metaspace       used 100132K, committed 100864K, reserved 1138688K
  class space    used 13593K, committed 13952K, reserved 1048576K
}
Event: 42.608 GC heap after
{Heap after GC invocations=40 (full 0):
 garbage-first heap   total 209920K, used 111577K [0x0000000080000000, 0x0000000100000000)
  region size 1024K, 6 young (6144K), 6 survivors (6144K)
 Metaspace       used 100132K, committed 100864K, reserved 1138688K
  class space    used 13593K, committed 13952K, reserved 1048576K
}
Event: 125.768 GC heap before
{Heap before GC invocations=40 (full 0):
 garbage-first heap   total 209920K, used 168921K [0x0000000080000000, 0x0000000100000000)
  region size 1024K, 63 young (64512K), 6 survivors (6144K)
 Metaspace       used 101664K, committed 102464K, reserved 1138688K
  class space    used 13809K, committed 14208K, reserved 1048576K
}
Event: 126.108 GC heap after
{Heap after GC invocations=41 (full 0):
 garbage-first heap   total 209920K, used 114431K [0x0000000080000000, 0x0000000100000000)
  region size 1024K, 4 young (4096K), 4 survivors (4096K)
 Metaspace       used 101664K, committed 102464K, reserved 1138688K
  class space    used 13809K, committed 14208K, reserved 1048576K
}
Event: 130.651 GC heap before
{Heap before GC invocations=41 (full 0):
 garbage-first heap   total 209920K, used 170751K [0x0000000080000000, 0x0000000100000000)
  region size 1024K, 60 young (61440K), 4 survivors (4096K)
 Metaspace       used 102195K, committed 102976K, reserved 1138688K
  class space    used 13827K, committed 14208K, reserved 1048576K
}
Event: 130.698 GC heap after
{Heap after GC invocations=42 (full 0):
 garbage-first heap   total 209920K, used 121278K [0x0000000080000000, 0x0000000100000000)
  region size 1024K, 8 young (8192K), 8 survivors (8192K)
 Metaspace       used 102195K, committed 102976K, reserved 1138688K
  class space    used 13827K, committed 14208K, reserved 1048576K
}
Event: 138.765 GC heap before
{Heap before GC invocations=42 (full 0):
 garbage-first heap   total 209920K, used 170430K [0x0000000080000000, 0x0000000100000000)
  region size 1024K, 57 young (58368K), 8 survivors (8192K)
 Metaspace       used 102423K, committed 103232K, reserved 1138688K
  class space    used 13828K, committed 14208K, reserved 1048576K
}
Event: 138.804 GC heap after
{Heap after GC invocations=43 (full 0):
 garbage-first heap   total 209920K, used 125801K [0x0000000080000000, 0x0000000100000000)
  region size 1024K, 5 young (5120K), 5 survivors (5120K)
 Metaspace       used 102423K, committed 103232K, reserved 1138688K
  class space    used 13828K, committed 14208K, reserved 1048576K
}
Event: 160.453 GC heap before
{Heap before GC invocations=43 (full 0):
 garbage-first heap   total 209920K, used 171881K [0x0000000080000000, 0x0000000100000000)
  region size 1024K, 51 young (52224K), 5 survivors (5120K)
 Metaspace       used 102616K, committed 103488K, reserved 1146880K
  class space    used 13845K, committed 14272K, reserved 1048576K
}
Event: 160.482 GC heap after
{Heap after GC invocations=44 (full 0):
 garbage-first heap   total 209920K, used 129403K [0x0000000080000000, 0x0000000100000000)
  region size 1024K, 4 young (4096K), 4 survivors (4096K)
 Metaspace       used 102616K, committed 103488K, reserved 1146880K
  class space    used 13845K, committed 14272K, reserved 1048576K
}
Event: 164.357 GC heap before
{Heap before GC invocations=44 (full 0):
 garbage-first heap   total 209920K, used 173435K [0x0000000080000000, 0x0000000100000000)
  region size 1024K, 48 young (49152K), 4 survivors (4096K)
 Metaspace       used 102919K, committed 103744K, reserved 1146880K
  class space    used 13856K, committed 14272K, reserved 1048576K
}
Event: 164.392 GC heap after
{Heap after GC invocations=45 (full 0):
 garbage-first heap   total 209920K, used 136427K [0x0000000080000000, 0x0000000100000000)
  region size 1024K, 6 young (6144K), 6 survivors (6144K)
 Metaspace       used 102919K, committed 103744K, reserved 1146880K
  class space    used 13856K, committed 14272K, reserved 1048576K
}
Event: 194.243 GC heap before
{Heap before GC invocations=45 (full 0):
 garbage-first heap   total 209920K, used 173291K [0x0000000080000000, 0x0000000100000000)
  region size 1024K, 43 young (44032K), 6 survivors (6144K)
 Metaspace       used 103050K, committed 103936K, reserved 1146880K
  class space    used 13861K, committed 14272K, reserved 1048576K
}
Event: 194.370 GC heap after
{Heap after GC invocations=46 (full 0):
 garbage-first heap   total 209920K, used 139460K [0x0000000080000000, 0x0000000100000000)
  region size 1024K, 3 young (3072K), 3 survivors (3072K)
 Metaspace       used 103050K, committed 103936K, reserved 1146880K
  class space    used 13861K, committed 14272K, reserved 1048576K
}

