# JRE version: OpenJDK Runtime Environment (17.0.6) (build 17.0.6+0-b2043.56-10027231)
# Java VM: OpenJDK 64-Bit Server VM (17.0.6+0-b2043.56-10027231, mixed mode, tiered, compressed oops, compressed class ptrs, g1 gc, windows-amd64)
GC Precious Log:
 CPUs: 4 total, 4 available
 Memory: 7573M
 Large Page Support: Disabled
 NUMA Support: Disabled
 Compressed Oops: Enabled (32-bit)
 Heap Region Size: 1M
 Heap Min Capacity: 8M
 Heap Initial Capacity: 120M
 Heap Max Capacity: 2G
 Pre-touch: Disabled
 Parallel Workers: 4
 Concurrent Workers: 1
 Concurrent Refinement Workers: 4
 Periodic GC: Disabled
Heap:
 garbage-first heap   total 209920K, used 116322K [0x0000000080000000, 0x0000000100000000)
  region size 1024K, 5 young (5120K), 5 survivors (5120K)
 Metaspace       used 105763K, committed 106496K, reserved 1146880K
  class space    used 14357K, committed 14720K, reserved 1048576K
GC Heap History (20 events):
Event: 20.836 GC heap after
{Heap after GC invocations=29 (full 0):
 garbage-first heap   total 121856K, used 61917K [0x0000000080000000, 0x0000000100000000)
  region size 1024K, 3 young (3072K), 3 survivors (3072K)
 Metaspace       used 71225K, committed 71744K, reserved 1114112K
  class space    used 9437K, committed 9664K, reserved 1048576K
}
Event: 20.894 GC heap before
{Heap before GC invocations=29 (full 0):
 garbage-first heap   total 121856K, used 63965K [0x0000000080000000, 0x0000000100000000)
  region size 1024K, 5 young (5120K), 3 survivors (3072K)
 Metaspace       used 71422K, committed 72000K, reserved 1114112K
  class space    used 9464K, committed 9728K, reserved 1048576K
}
Event: 20.902 GC heap after
{Heap after GC invocations=30 (full 0):
 garbage-first heap   total 209920K, used 61749K [0x0000000080000000, 0x0000000100000000)
  region size 1024K, 1 young (1024K), 1 survivors (1024K)
 Metaspace       used 71422K, committed 72000K, reserved 1114112K
  class space    used 9464K, committed 9728K, reserved 1048576K
}
Event: 23.139 GC heap before
{Heap before GC invocations=30 (full 0):
 garbage-first heap   total 209920K, used 121141K [0x0000000080000000, 0x0000000100000000)
  region size 1024K, 59 young (60416K), 1 survivors (1024K)
 Metaspace       used 77171K, committed 77760K, reserved 1122304K
  class space    used 10220K, committed 10496K, reserved 1048576K
}
Event: 23.153 GC heap after
{Heap after GC invocations=31 (full 0):
 garbage-first heap   total 209920K, used 65820K [0x0000000080000000, 0x0000000100000000)
  region size 1024K, 5 young (5120K), 5 survivors (5120K)
 Metaspace       used 77171K, committed 77760K, reserved 1122304K
  class space    used 10220K, committed 10496K, reserved 1048576K
}
Event: 25.904 GC heap before
{Heap before GC invocations=31 (full 0):
 garbage-first heap   total 209920K, used 142620K [0x0000000080000000, 0x0000000100000000)
  region size 1024K, 79 young (80896K), 5 survivors (5120K)
 Metaspace       used 83960K, committed 84608K, reserved 1122304K
  class space    used 11135K, committed 11456K, reserved 1048576K
}
Event: 25.936 GC heap after
{Heap after GC invocations=32 (full 0):
 garbage-first heap   total 209920K, used 72625K [0x0000000080000000, 0x0000000100000000)
  region size 1024K, 10 young (10240K), 10 survivors (10240K)
 Metaspace       used 83960K, committed 84608K, reserved 1122304K
  class space    used 11135K, committed 11456K, reserved 1048576K
}
Event: 28.986 GC heap before
{Heap before GC invocations=32 (full 0):
 garbage-first heap   total 209920K, used 149425K [0x0000000080000000, 0x0000000100000000)
  region size 1024K, 85 young (87040K), 10 survivors (10240K)
 Metaspace       used 92118K, committed 92736K, reserved 1130496K
  class space    used 12459K, committed 12736K, reserved 1048576K
}
Event: 29.018 GC heap after
{Heap after GC invocations=33 (full 0):
 garbage-first heap   total 209920K, used 78816K [0x0000000080000000, 0x0000000100000000)
  region size 1024K, 6 young (6144K), 6 survivors (6144K)
 Metaspace       used 92118K, committed 92736K, reserved 1130496K
  class space    used 12459K, committed 12736K, reserved 1048576K
}
Event: 31.766 GC heap before
{Heap before GC invocations=33 (full 0):
 garbage-first heap   total 209920K, used 156640K [0x0000000080000000, 0x0000000100000000)
  region size 1024K, 82 young (83968K), 6 survivors (6144K)
 Metaspace       used 98879K, committed 99520K, reserved 1138688K
  class space    used 13411K, committed 13696K, reserved 1048576K
}
Event: 31.801 GC heap after
{Heap after GC invocations=34 (full 0):
 garbage-first heap   total 209920K, used 86407K [0x0000000080000000, 0x0000000100000000)
  region size 1024K, 11 young (11264K), 11 survivors (11264K)
 Metaspace       used 98879K, committed 99520K, reserved 1138688K
  class space    used 13411K, committed 13696K, reserved 1048576K
}
Event: 33.916 GC heap before
{Heap before GC invocations=34 (full 0):
 garbage-first heap   total 209920K, used 159111K [0x0000000080000000, 0x0000000100000000)
  region size 1024K, 82 young (83968K), 11 survivors (11264K)
 Metaspace       used 100876K, committed 101632K, reserved 1138688K
  class space    used 13756K, committed 14144K, reserved 1048576K
}
Event: 33.974 GC heap after
{Heap after GC invocations=35 (full 0):
 garbage-first heap   total 209920K, used 97879K [0x0000000080000000, 0x0000000100000000)
  region size 1024K, 11 young (11264K), 11 survivors (11264K)
 Metaspace       used 100876K, committed 101632K, reserved 1138688K
  class space    used 13756K, committed 14144K, reserved 1048576K
}
Event: 37.353 GC heap before
{Heap before GC invocations=35 (full 0):
 garbage-first heap   total 209920K, used 160343K [0x0000000080000000, 0x0000000100000000)
  region size 1024K, 73 young (74752K), 11 survivors (11264K)
 Metaspace       used 101543K, committed 102272K, reserved 1138688K
  class space    used 13796K, committed 14144K, reserved 1048576K
}
Event: 37.391 GC heap after
{Heap after GC invocations=36 (full 0):
 garbage-first heap   total 209920K, used 102375K [0x0000000080000000, 0x0000000100000000)
  region size 1024K, 6 young (6144K), 6 survivors (6144K)
 Metaspace       used 101543K, committed 102272K, reserved 1138688K
  class space    used 13796K, committed 14144K, reserved 1048576K
}
Event: 39.568 GC heap before
{Heap before GC invocations=36 (full 0):
 garbage-first heap   total 209920K, used 163815K [0x0000000080000000, 0x0000000100000000)
  region size 1024K, 67 young (68608K), 6 survivors (6144K)
 Metaspace       used 102036K, committed 102784K, reserved 1138688K
  class space    used 13838K, committed 14208K, reserved 1048576K
}
Event: 39.604 GC heap after
{Heap after GC invocations=37 (full 0):
 garbage-first heap   total 209920K, used 107499K [0x0000000080000000, 0x0000000100000000)
  region size 1024K, 7 young (7168K), 7 survivors (7168K)
 Metaspace       used 102036K, committed 102784K, reserved 1138688K
  class space    used 13838K, committed 14208K, reserved 1048576K
}
Event: 42.829 GC heap before
{Heap before GC invocations=37 (full 0):
 garbage-first heap   total 209920K, used 165867K [0x0000000080000000, 0x0000000100000000)
  region size 1024K, 65 young (66560K), 7 survivors (7168K)
 Metaspace       used 105648K, committed 106368K, reserved 1146880K
  class space    used 14342K, committed 14720K, reserved 1048576K
}
Event: 42.882 GC heap after
{Heap after GC invocations=38 (full 0):
 garbage-first heap   total 209920K, used 112661K [0x0000000080000000, 0x0000000100000000)
  region size 1024K, 7 young (7168K), 7 survivors (7168K)
 Metaspace       used 105648K, committed 106368K, reserved 1146880K
  class space    used 14342K, committed 14720K, reserved 1048576K
}
Event: 45.047 GC heap before
{Heap before GC invocations=38 (full 0):
 garbage-first heap   total 209920K, used 166933K [0x0000000080000000, 0x0000000100000000)
  region size 1024K, 61 young (62464K), 7 survivors (7168K)
 Metaspace       used 105763K, committed 106496K, reserved 1146880K
  class space    used 14357K, committed 14720K, reserved 1048576K
}

