GC Precious Log:
 CPUs: 4 total, 4 available
 Memory: 7573M
 Large Page Support: Disabled
 NUMA Support: Disabled
 Compressed Oops: Enabled (32-bit)
 Heap Region Size: 1M
 Heap Min Capacity: 8M
 Heap Initial Capacity: 120M
 Heap Max Capacity: 2G
 Pre-touch: Disabled
 Parallel Workers: 4
 Concurrent Workers: 1
 Concurrent Refinement Workers: 4
 Periodic GC: Disabled
Heap:
 garbage-first heap   total 65536K, used 41687K [0x0000000080000000, 0x0000000100000000)
  region size 1024K, 11 young (11264K), 2 survivors (2048K)
 Metaspace       used 52745K, committed 53184K, reserved 1097728K
  class space    used 7053K, committed 7296K, reserved 1048576K
GC Heap History (20 events):
Event: 21.891 GC heap before
{Heap before GC invocations=5 (full 0):
 garbage-first heap   total 65536K, used 47948K [0x0000000080000000, 0x0000000100000000)
  region size 1024K, 38 young (38912K), 8 survivors (8192K)
 Metaspace       used 26019K, committed 26304K, reserved 1073152K
  class space    used 3398K, committed 3520K, reserved 1048576K
}
Event: 21.914 GC heap after
{Heap after GC invocations=6 (full 0):
 garbage-first heap   total 65536K, used 19967K [0x0000000080000000, 0x0000000100000000)
  region size 1024K, 2 young (2048K), 2 survivors (2048K)
 Metaspace       used 26019K, committed 26304K, reserved 1073152K
  class space    used 3398K, committed 3520K, reserved 1048576K
}
Event: 23.241 GC heap before
{Heap before GC invocations=6 (full 0):
 garbage-first heap   total 65536K, used 44543K [0x0000000080000000, 0x0000000100000000)
  region size 1024K, 27 young (27648K), 2 survivors (2048K)
 Metaspace       used 29874K, committed 30144K, reserved 1081344K
  class space    used 4043K, committed 4160K, reserved 1048576K
}
Event: 23.248 GC heap after
{Heap after GC invocations=7 (full 0):
 garbage-first heap   total 65536K, used 21540K [0x0000000080000000, 0x0000000100000000)
  region size 1024K, 4 young (4096K), 4 survivors (4096K)
 Metaspace       used 29874K, committed 30144K, reserved 1081344K
  class space    used 4043K, committed 4160K, reserved 1048576K
}
Event: 25.427 GC heap before
{Heap before GC invocations=7 (full 0):
 garbage-first heap   total 65536K, used 47140K [0x0000000080000000, 0x0000000100000000)
  region size 1024K, 29 young (29696K), 4 survivors (4096K)
 Metaspace       used 34084K, committed 34368K, reserved 1081344K
  class space    used 4691K, committed 4800K, reserved 1048576K
}
Event: 25.438 GC heap after
{Heap after GC invocations=8 (full 0):
 garbage-first heap   total 65536K, used 22859K [0x0000000080000000, 0x0000000100000000)
  region size 1024K, 3 young (3072K), 3 survivors (3072K)
 Metaspace       used 34084K, committed 34368K, reserved 1081344K
  class space    used 4691K, committed 4800K, reserved 1048576K
}
Event: 26.047 GC heap before
{Heap before GC invocations=8 (full 0):
 garbage-first heap   total 65536K, used 30027K [0x0000000080000000, 0x0000000100000000)
  region size 1024K, 11 young (11264K), 3 survivors (3072K)
 Metaspace       used 35650K, committed 35968K, reserved 1081344K
  class space    used 4881K, committed 5056K, reserved 1048576K
}
Event: 26.056 GC heap after
{Heap after GC invocations=9 (full 0):
 garbage-first heap   total 65536K, used 24054K [0x0000000080000000, 0x0000000100000000)
  region size 1024K, 3 young (3072K), 3 survivors (3072K)
 Metaspace       used 35650K, committed 35968K, reserved 1081344K
  class space    used 4881K, committed 5056K, reserved 1048576K
}
Event: 28.454 GC heap before
{Heap before GC invocations=10 (full 0):
 garbage-first heap   total 65536K, used 47606K [0x0000000080000000, 0x0000000100000000)
  region size 1024K, 27 young (27648K), 3 survivors (3072K)
 Metaspace       used 40570K, committed 40896K, reserved 1089536K
  class space    used 5368K, committed 5504K, reserved 1048576K
}
Event: 28.467 GC heap after
{Heap after GC invocations=11 (full 0):
 garbage-first heap   total 65536K, used 27391K [0x0000000080000000, 0x0000000100000000)
  region size 1024K, 4 young (4096K), 4 survivors (4096K)
 Metaspace       used 40570K, committed 40896K, reserved 1089536K
  class space    used 5368K, committed 5504K, reserved 1048576K
}
Event: 29.616 GC heap before
{Heap before GC invocations=11 (full 0):
 garbage-first heap   total 65536K, used 51967K [0x0000000080000000, 0x0000000100000000)
  region size 1024K, 25 young (25600K), 4 survivors (4096K)
 Metaspace       used 42919K, committed 43264K, reserved 1089536K
  class space    used 5619K, committed 5760K, reserved 1048576K
}
Event: 29.626 GC heap after
{Heap after GC invocations=12 (full 0):
 garbage-first heap   total 65536K, used 29016K [0x0000000080000000, 0x0000000100000000)
  region size 1024K, 3 young (3072K), 3 survivors (3072K)
 Metaspace       used 42919K, committed 43264K, reserved 1089536K
  class space    used 5619K, committed 5760K, reserved 1048576K
}
Event: 30.324 GC heap before
{Heap before GC invocations=12 (full 0):
 garbage-first heap   total 65536K, used 49496K [0x0000000080000000, 0x0000000100000000)
  region size 1024K, 23 young (23552K), 3 survivors (3072K)
 Metaspace       used 44773K, committed 45248K, reserved 1089536K
  class space    used 5802K, committed 6016K, reserved 1048576K
}
Event: 30.338 GC heap after
{Heap after GC invocations=13 (full 0):
 garbage-first heap   total 65536K, used 30230K [0x0000000080000000, 0x0000000100000000)
  region size 1024K, 2 young (2048K), 2 survivors (2048K)
 Metaspace       used 44773K, committed 45248K, reserved 1089536K
  class space    used 5802K, committed 6016K, reserved 1048576K
}
Event: 32.103 GC heap before
{Heap before GC invocations=13 (full 0):
 garbage-first heap   total 65536K, used 49686K [0x0000000080000000, 0x0000000100000000)
  region size 1024K, 21 young (21504K), 2 survivors (2048K)
 Metaspace       used 47233K, committed 47680K, reserved 1097728K
  class space    used 6212K, committed 6400K, reserved 1048576K
}
Event: 32.110 GC heap after
{Heap after GC invocations=14 (full 0):
 garbage-first heap   total 65536K, used 31602K [0x0000000080000000, 0x0000000100000000)
  region size 1024K, 3 young (3072K), 3 survivors (3072K)
 Metaspace       used 47233K, committed 47680K, reserved 1097728K
  class space    used 6212K, committed 6400K, reserved 1048576K
}
Event: 34.943 GC heap before
{Heap before GC invocations=15 (full 0):
 garbage-first heap   total 65536K, used 51058K [0x0000000080000000, 0x0000000100000000)
  region size 1024K, 22 young (22528K), 3 survivors (3072K)
 Metaspace       used 49891K, committed 50304K, reserved 1097728K
  class space    used 6655K, committed 6848K, reserved 1048576K
}
Event: 34.950 GC heap after
{Heap after GC invocations=16 (full 0):
 garbage-first heap   total 65536K, used 32727K [0x0000000080000000, 0x0000000100000000)
  region size 1024K, 3 young (3072K), 3 survivors (3072K)
 Metaspace       used 49891K, committed 50304K, reserved 1097728K
  class space    used 6655K, committed 6848K, reserved 1048576K
}
Event: 39.204 GC heap before
{Heap before GC invocations=16 (full 0):
 garbage-first heap   total 65536K, used 51159K [0x0000000080000000, 0x0000000100000000)
  region size 1024K, 21 young (21504K), 3 survivors (3072K)
 Metaspace       used 52313K, committed 52800K, reserved 1097728K
  class space    used 7023K, committed 7232K, reserved 1048576K
}
Event: 39.215 GC heap after
{Heap after GC invocations=17 (full 0):
 garbage-first heap   total 65536K, used 33495K [0x0000000080000000, 0x0000000100000000)
  region size 1024K, 2 young (2048K), 2 survivors (2048K)
 Metaspace       used 52313K, committed 52800K, reserved 1097728K
  class space    used 7023K, committed 7232K, reserved 1048576K
}

