# JRE version: OpenJDK Runtime Environment (17.0.6) (build 17.0.6+0-b2043.56-10027231)
# Java VM: OpenJDK 64-Bit Server VM (17.0.6+0-b2043.56-10027231, mixed mode, tiered, compressed oops, compressed class ptrs, g1 gc, windows-amd64)
GC Precious Log:
 CPUs: 4 total, 4 available
 Memory: 7573M
 Large Page Support: Disabled
 NUMA Support: Disabled
 Compressed Oops: Enabled (32-bit)
 Heap Region Size: 1M
 Heap Min Capacity: 8M
 Heap Initial Capacity: 120M
 Heap Max Capacity: 2G
 Pre-touch: Disabled
 Parallel Workers: 4
 Concurrent Workers: 1
 Concurrent Refinement Workers: 4
 Periodic GC: Disabled
Heap:
 garbage-first heap   total 211968K, used 159741K [0x0000000080000000, 0x0000000100000000)
  region size 1024K, 102 young (104448K), 3 survivors (3072K)
 Metaspace       used 75681K, committed 76288K, reserved 1122304K
  class space    used 10024K, committed 10304K, reserved 1048576K
GC Heap History (20 events):
Event: 23.529 GC heap before
{Heap before GC invocations=18 (full 0):
 garbage-first heap   total 68608K, used 45347K [0x0000000080000000, 0x0000000100000000)
  region size 1024K, 12 young (12288K), 3 survivors (3072K)
 Metaspace       used 53630K, committed 54144K, reserved 1097728K
  class space    used 7149K, committed 7360K, reserved 1048576K
}
Event: 23.534 GC heap after
{Heap after GC invocations=19 (full 0):
 garbage-first heap   total 68608K, used 38270K [0x0000000080000000, 0x0000000100000000)
  region size 1024K, 2 young (2048K), 2 survivors (2048K)
 Metaspace       used 53630K, committed 54144K, reserved 1097728K
  class space    used 7149K, committed 7360K, reserved 1048576K
}
Event: 24.490 GC heap before
{Heap before GC invocations=20 (full 0):
 garbage-first heap   total 70656K, used 62846K [0x0000000080000000, 0x0000000100000000)
  region size 1024K, 17 young (17408K), 2 survivors (2048K)
 Metaspace       used 54686K, committed 55168K, reserved 1097728K
  class space    used 7272K, committed 7488K, reserved 1048576K
}
Event: 24.495 GC heap after
{Heap after GC invocations=21 (full 0):
 garbage-first heap   total 72704K, used 53722K [0x0000000080000000, 0x0000000100000000)
  region size 1024K, 3 young (3072K), 3 survivors (3072K)
 Metaspace       used 54686K, committed 55168K, reserved 1097728K
  class space    used 7272K, committed 7488K, reserved 1048576K
}
Event: 24.523 GC heap before
{Heap before GC invocations=21 (full 0):
 garbage-first heap   total 72704K, used 54746K [0x0000000080000000, 0x0000000100000000)
  region size 1024K, 4 young (4096K), 3 survivors (3072K)
 Metaspace       used 54782K, committed 55232K, reserved 1097728K
  class space    used 7289K, committed 7488K, reserved 1048576K
}
Event: 24.528 GC heap after
{Heap after GC invocations=22 (full 0):
 garbage-first heap   total 72704K, used 53504K [0x0000000080000000, 0x0000000100000000)
  region size 1024K, 1 young (1024K), 1 survivors (1024K)
 Metaspace       used 54782K, committed 55232K, reserved 1097728K
  class space    used 7289K, committed 7488K, reserved 1048576K
}
Event: 24.686 GC heap before
{Heap before GC invocations=22 (full 0):
 garbage-first heap   total 72704K, used 57600K [0x0000000080000000, 0x0000000100000000)
  region size 1024K, 6 young (6144K), 1 survivors (1024K)
 Metaspace       used 55404K, committed 55872K, reserved 1097728K
  class space    used 7380K, committed 7616K, reserved 1048576K
}
Event: 24.688 GC heap after
{Heap after GC invocations=23 (full 0):
 garbage-first heap   total 72704K, used 53649K [0x0000000080000000, 0x0000000100000000)
  region size 1024K, 1 young (1024K), 1 survivors (1024K)
 Metaspace       used 55404K, committed 55872K, reserved 1097728K
  class space    used 7380K, committed 7616K, reserved 1048576K
}
Event: 24.962 GC heap before
{Heap before GC invocations=24 (full 0):
 garbage-first heap   total 97280K, used 59793K [0x0000000080000000, 0x0000000100000000)
  region size 1024K, 7 young (7168K), 1 survivors (1024K)
 Metaspace       used 56247K, committed 56768K, reserved 1105920K
  class space    used 7512K, committed 7744K, reserved 1048576K
}
Event: 24.966 GC heap after
{Heap after GC invocations=25 (full 0):
 garbage-first heap   total 97280K, used 53863K [0x0000000080000000, 0x0000000100000000)
  region size 1024K, 1 young (1024K), 1 survivors (1024K)
 Metaspace       used 56247K, committed 56768K, reserved 1105920K
  class space    used 7512K, committed 7744K, reserved 1048576K
}
Event: 25.190 GC heap before
{Heap before GC invocations=25 (full 0):
 garbage-first heap   total 97280K, used 56935K [0x0000000080000000, 0x0000000100000000)
  region size 1024K, 4 young (4096K), 1 survivors (1024K)
 Metaspace       used 56695K, committed 57152K, reserved 1105920K
  class space    used 7572K, committed 7808K, reserved 1048576K
}
Event: 25.193 GC heap after
{Heap after GC invocations=26 (full 0):
 garbage-first heap   total 97280K, used 53598K [0x0000000080000000, 0x0000000100000000)
  region size 1024K, 1 young (1024K), 1 survivors (1024K)
 Metaspace       used 56695K, committed 57152K, reserved 1105920K
  class space    used 7572K, committed 7808K, reserved 1048576K
}
Event: 27.545 GC heap before
{Heap before GC invocations=26 (full 0):
 garbage-first heap   total 97280K, used 75102K [0x0000000080000000, 0x0000000100000000)
  region size 1024K, 22 young (22528K), 1 survivors (1024K)
 Metaspace       used 60077K, committed 60608K, reserved 1105920K
  class space    used 7951K, committed 8192K, reserved 1048576K
}
Event: 27.549 GC heap after
{Heap after GC invocations=27 (full 0):
 garbage-first heap   total 97280K, used 54344K [0x0000000080000000, 0x0000000100000000)
  region size 1024K, 2 young (2048K), 2 survivors (2048K)
 Metaspace       used 60077K, committed 60608K, reserved 1105920K
  class space    used 7951K, committed 8192K, reserved 1048576K
}
Event: 30.134 GC heap before
{Heap before GC invocations=28 (full 0):
 garbage-first heap   total 97280K, used 76872K [0x0000000080000000, 0x0000000100000000)
  region size 1024K, 23 young (23552K), 2 survivors (2048K)
 Metaspace       used 64308K, committed 64960K, reserved 1105920K
  class space    used 8524K, committed 8832K, reserved 1048576K
}
Event: 30.141 GC heap after
{Heap after GC invocations=29 (full 0):
 garbage-first heap   total 97280K, used 57548K [0x0000000080000000, 0x0000000100000000)
  region size 1024K, 3 young (3072K), 3 survivors (3072K)
 Metaspace       used 64308K, committed 64960K, reserved 1105920K
  class space    used 8524K, committed 8832K, reserved 1048576K
}
Event: 30.144 GC heap before
{Heap before GC invocations=29 (full 0):
 garbage-first heap   total 97280K, used 58572K [0x0000000080000000, 0x0000000100000000)
  region size 1024K, 4 young (4096K), 3 survivors (3072K)
 Metaspace       used 64308K, committed 64960K, reserved 1105920K
  class space    used 8524K, committed 8832K, reserved 1048576K
}
Event: 30.151 GC heap after
{Heap after GC invocations=30 (full 0):
 garbage-first heap   total 97280K, used 58253K [0x0000000080000000, 0x0000000100000000)
  region size 1024K, 1 young (1024K), 1 survivors (1024K)
 Metaspace       used 64308K, committed 64960K, reserved 1105920K
  class space    used 8524K, committed 8832K, reserved 1048576K
}
Event: 31.357 GC heap before
{Heap before GC invocations=30 (full 0):
 garbage-first heap   total 97280K, used 82829K [0x0000000080000000, 0x0000000100000000)
  region size 1024K, 20 young (20480K), 1 survivors (1024K)
 Metaspace       used 65578K, committed 66112K, reserved 1114112K
  class space    used 8690K, committed 8960K, reserved 1048576K
}
Event: 31.365 GC heap after
{Heap after GC invocations=31 (full 0):
 garbage-first heap   total 256000K, used 62461K [0x0000000080000000, 0x0000000100000000)
  region size 1024K, 3 young (3072K), 3 survivors (3072K)
 Metaspace       used 65578K, committed 66112K, reserved 1114112K
  class space    used 8690K, committed 8960K, reserved 1048576K
}

